<?xml version="1.0" encoding="UTF-8"?>
<!-- Generated by org.testng.reporters.JUnitReportReporter -->
<testsuite skipped="0" hostname="test-PC" name="new_1.NewTest" tests="1" failures="0" timestamp="23 Dec 2019 05:34:28 GMT" time="30.724" errors="0">
  <testcase name="Login" time="30.724" classname="new_1.NewTest"/>
</testsuite> <!-- new_1.NewTest -->
