<?xml version="1.0" encoding="UTF-8"?>
<!-- Generated by org.testng.reporters.JUnitReportReporter -->
<testsuite skipped="0" hostname="test-PC" name="G_1.New" tests="2" failures="0" timestamp="07 Jan 2020 09:16:09 GMT" time="6.409" errors="0">
  <testcase name="Log" time="5.659" classname="G_1.New"/>
  <testcase name="buy" time="0.750" classname="G_1.New"/>
</testsuite> <!-- G_1.New -->
